<?xml version="1.0" encoding="UTF-8"?>
<!-- Generated by org.testng.reporters.JUnitXMLReporter -->
<testsuite ignored="3" hostname="chandan" failures="0" tests="7" name="VendorTest" time="159.578" errors="0" timestamp="2024-02-23T18:54:48 IST">
  <testcase classname="vendor_panel.scripts.addOrderTest" name="Place_The_Order" time="10.485"/>
  <testcase classname="vendor_panel.scripts.addOrderTest" name="verify_WalletBalance_Deduction_After_place_order" time="9.413"/>
  <testcase classname="vendor_panel.scripts.addOrderTest" name="print_Label_And_verify_Lastmile_AWB" time="32.658"/>
  <testcase classname="vendor_panel.scripts.addOrderTest" name="create_and_Close_manifest" time="51.552"/>
  <testcase classname="vendor_panel.scripts.addOrderTest" name="verify_GST_On_Logistic_Fee" time="8.349"/>
  <testcase classname="vendor_panel.scripts.addOrderTest" name="add_Multiple_Orders" time="5.871"/>
  <testcase classname="vendor_panel.scripts.addOrderTest" name="add_and_remove_Orders" time="8.034"/>
  <testcase classname="vendor_panel.scripts.addOrderTest" name="remove_from_manifest" time="0.0">
    <ignored/>
  </testcase> <!-- remove_from_manifest -->
  <testcase classname="vendor_panel.scripts.addOrderTest" name="save" time="0.0">
    <ignored/>
  </testcase> <!-- save -->
  <testcase classname="vendor_panel.scripts.addOrderTest" name="generate_box_label" time="0.0">
    <ignored/>
  </testcase> <!-- generate_box_label -->
</testsuite> <!-- VendorTest -->
