<?xml version="1.0" encoding="UTF-8"?>
<!-- Generated by org.testng.reporters.JUnitXMLReporter -->
<testsuite ignored="9" hostname="chandan" failures="0" tests="0" name="VendorTest(failed)" time="0.019" errors="0" timestamp="2024-02-27T12:39:20 IST">
  <testcase classname="vendor_panel.scripts.addOrderTest" name="generate_box_label" time="0.0">
    <ignored/>
  </testcase> <!-- generate_box_label -->
  <testcase classname="vendor_panel.scripts.addOrderTest" name="save" time="0.0">
    <ignored/>
  </testcase> <!-- save -->
  <testcase classname="vendor_panel.scripts.addOrderTest" name="print_Label_And_verify_Lastmile_AWB" time="0.0">
    <ignored/>
  </testcase> <!-- print_Label_And_verify_Lastmile_AWB -->
  <testcase classname="vendor_panel.scripts.addOrderTest" name="Place_The_Order" time="0.0">
    <ignored/>
  </testcase> <!-- Place_The_Order -->
  <testcase classname="vendor_panel.scripts.addOrderTest" name="verify_WalletBalance_Deduction_After_place_order" time="0.0">
    <ignored/>
  </testcase> <!-- verify_WalletBalance_Deduction_After_place_order -->
  <testcase classname="vendor_panel.scripts.addOrderTest" name="add_and_remove_Orders" time="0.0">
    <ignored/>
  </testcase> <!-- add_and_remove_Orders -->
  <testcase classname="vendor_panel.scripts.addOrderTest" name="remove_from_manifest" time="0.0">
    <ignored/>
  </testcase> <!-- remove_from_manifest -->
  <testcase classname="vendor_panel.scripts.addOrderTest" name="create_and_Close_manifest" time="0.0">
    <ignored/>
  </testcase> <!-- create_and_Close_manifest -->
  <testcase classname="vendor_panel.scripts.addOrderTest" name="add_Multiple_Orders" time="0.0">
    <ignored/>
  </testcase> <!-- add_Multiple_Orders -->
</testsuite> <!-- VendorTest(failed) -->
