<?xml version="1.0" encoding="UTF-8"?>
<testng-results ignored="0" total="7" passed="7" failed="0" skipped="0">
  <reporter-output>
  </reporter-output>
  <suite started-at="2024-02-23T18:52:07 IST" name="Suite" finished-at="2024-02-23T18:54:47 IST" duration-ms="159578">
    <groups>
      <group name="regression">
        <method signature="addOrderTest.verify_WalletBalance_Deduction_After_place_order()[pri:2, instance:vendor_panel.scripts.addOrderTest@5c30a9b0]" name="verify_WalletBalance_Deduction_After_place_order" class="vendor_panel.scripts.addOrderTest"/>
        <method signature="addOrderTest.print_Label_And_verify_Lastmile_AWB()[pri:3, instance:vendor_panel.scripts.addOrderTest@5c30a9b0]" name="print_Label_And_verify_Lastmile_AWB" class="vendor_panel.scripts.addOrderTest"/>
        <method signature="addOrderTest.verify_GST_On_Logistic_Fee()[pri:5, instance:vendor_panel.scripts.addOrderTest@5c30a9b0]" name="verify_GST_On_Logistic_Fee" class="vendor_panel.scripts.addOrderTest"/>
        <method signature="addOrderTest.add_Multiple_Orders()[pri:6, instance:vendor_panel.scripts.addOrderTest@5c30a9b0]" name="add_Multiple_Orders" class="vendor_panel.scripts.addOrderTest"/>
        <method signature="addOrderTest.add_and_remove_Orders()[pri:7, instance:vendor_panel.scripts.addOrderTest@5c30a9b0]" name="add_and_remove_Orders" class="vendor_panel.scripts.addOrderTest"/>
      </group> <!-- regression -->
      <group name="smoke">
        <method signature="addOrderTest.Place_The_Order()[pri:1, instance:vendor_panel.scripts.addOrderTest@5c30a9b0]" name="Place_The_Order" class="vendor_panel.scripts.addOrderTest"/>
      </group> <!-- smoke -->
    </groups>
    <test started-at="2024-02-23T18:52:07 IST" name="VendorTest" finished-at="2024-02-23T18:54:47 IST" duration-ms="159578">
      <class name="vendor_panel.scripts.addOrderTest">
        <test-method is-config="true" signature="preCondition()[pri:0, instance:vendor_panel.scripts.addOrderTest@5c30a9b0]" started-at="2024-02-23T18:52:07 IST" name="preCondition" finished-at="2024-02-23T18:52:13 IST" duration-ms="5557" status="PASS">
          <reporter-output>
          </reporter-output>
        </test-method> <!-- preCondition -->
        <test-method signature="Place_The_Order()[pri:1, instance:vendor_panel.scripts.addOrderTest@5c30a9b0]" started-at="2024-02-23T18:52:13 IST" name="Place_The_Order" finished-at="2024-02-23T18:52:23 IST" duration-ms="10485" status="PASS">
          <reporter-output>
          </reporter-output>
        </test-method> <!-- Place_The_Order -->
        <test-method is-config="true" signature="tearDown()[pri:0, instance:vendor_panel.scripts.addOrderTest@5c30a9b0]" started-at="2024-02-23T18:52:23 IST" name="tearDown" finished-at="2024-02-23T18:52:24 IST" duration-ms="291" status="PASS">
          <reporter-output>
          </reporter-output>
        </test-method> <!-- tearDown -->
        <test-method is-config="true" signature="preCondition()[pri:0, instance:vendor_panel.scripts.addOrderTest@5c30a9b0]" started-at="2024-02-23T18:52:24 IST" name="preCondition" finished-at="2024-02-23T18:52:28 IST" duration-ms="4421" status="PASS">
          <reporter-output>
          </reporter-output>
        </test-method> <!-- preCondition -->
        <test-method signature="verify_WalletBalance_Deduction_After_place_order()[pri:2, instance:vendor_panel.scripts.addOrderTest@5c30a9b0]" started-at="2024-02-23T18:52:28 IST" name="verify_WalletBalance_Deduction_After_place_order" depends-on-groups="smoke" finished-at="2024-02-23T18:52:37 IST" duration-ms="9413" status="PASS">
          <reporter-output>
          </reporter-output>
        </test-method> <!-- verify_WalletBalance_Deduction_After_place_order -->
        <test-method is-config="true" signature="tearDown()[pri:0, instance:vendor_panel.scripts.addOrderTest@5c30a9b0]" started-at="2024-02-23T18:52:37 IST" name="tearDown" finished-at="2024-02-23T18:52:38 IST" duration-ms="203" status="PASS">
          <reporter-output>
          </reporter-output>
        </test-method> <!-- tearDown -->
        <test-method is-config="true" signature="preCondition()[pri:0, instance:vendor_panel.scripts.addOrderTest@5c30a9b0]" started-at="2024-02-23T18:52:38 IST" name="preCondition" finished-at="2024-02-23T18:52:42 IST" duration-ms="4530" status="PASS">
          <reporter-output>
          </reporter-output>
        </test-method> <!-- preCondition -->
        <test-method signature="print_Label_And_verify_Lastmile_AWB()[pri:3, instance:vendor_panel.scripts.addOrderTest@5c30a9b0]" started-at="2024-02-23T18:52:42 IST" name="print_Label_And_verify_Lastmile_AWB" depends-on-groups="smoke" finished-at="2024-02-23T18:53:15 IST" duration-ms="32658" status="PASS">
          <reporter-output>
          </reporter-output>
        </test-method> <!-- print_Label_And_verify_Lastmile_AWB -->
        <test-method is-config="true" signature="tearDown()[pri:0, instance:vendor_panel.scripts.addOrderTest@5c30a9b0]" started-at="2024-02-23T18:53:15 IST" name="tearDown" finished-at="2024-02-23T18:53:15 IST" duration-ms="205" status="PASS">
          <reporter-output>
          </reporter-output>
        </test-method> <!-- tearDown -->
        <test-method is-config="true" signature="preCondition()[pri:0, instance:vendor_panel.scripts.addOrderTest@5c30a9b0]" started-at="2024-02-23T18:53:15 IST" name="preCondition" finished-at="2024-02-23T18:53:19 IST" duration-ms="4438" status="PASS">
          <reporter-output>
          </reporter-output>
        </test-method> <!-- preCondition -->
        <test-method signature="create_and_Close_manifest()[pri:4, instance:vendor_panel.scripts.addOrderTest@5c30a9b0]" started-at="2024-02-23T18:53:19 IST" name="create_and_Close_manifest" finished-at="2024-02-23T18:54:11 IST" duration-ms="51552" status="PASS">
          <reporter-output>
          </reporter-output>
        </test-method> <!-- create_and_Close_manifest -->
        <test-method is-config="true" signature="tearDown()[pri:0, instance:vendor_panel.scripts.addOrderTest@5c30a9b0]" started-at="2024-02-23T18:54:11 IST" name="tearDown" finished-at="2024-02-23T18:54:11 IST" duration-ms="260" status="PASS">
          <reporter-output>
          </reporter-output>
        </test-method> <!-- tearDown -->
        <test-method is-config="true" signature="preCondition()[pri:0, instance:vendor_panel.scripts.addOrderTest@5c30a9b0]" started-at="2024-02-23T18:54:11 IST" name="preCondition" finished-at="2024-02-23T18:54:15 IST" duration-ms="3999" status="PASS">
          <reporter-output>
          </reporter-output>
        </test-method> <!-- preCondition -->
        <test-method signature="verify_GST_On_Logistic_Fee()[pri:5, instance:vendor_panel.scripts.addOrderTest@5c30a9b0]" started-at="2024-02-23T18:54:15 IST" name="verify_GST_On_Logistic_Fee" depends-on-groups="smoke" finished-at="2024-02-23T18:54:24 IST" duration-ms="8349" status="PASS">
          <reporter-output>
          </reporter-output>
        </test-method> <!-- verify_GST_On_Logistic_Fee -->
        <test-method is-config="true" signature="tearDown()[pri:0, instance:vendor_panel.scripts.addOrderTest@5c30a9b0]" started-at="2024-02-23T18:54:24 IST" name="tearDown" finished-at="2024-02-23T18:54:24 IST" duration-ms="259" status="PASS">
          <reporter-output>
          </reporter-output>
        </test-method> <!-- tearDown -->
        <test-method is-config="true" signature="preCondition()[pri:0, instance:vendor_panel.scripts.addOrderTest@5c30a9b0]" started-at="2024-02-23T18:54:24 IST" name="preCondition" finished-at="2024-02-23T18:54:28 IST" duration-ms="4422" status="PASS">
          <reporter-output>
          </reporter-output>
        </test-method> <!-- preCondition -->
        <test-method signature="add_Multiple_Orders()[pri:6, instance:vendor_panel.scripts.addOrderTest@5c30a9b0]" started-at="2024-02-23T18:54:28 IST" name="add_Multiple_Orders" depends-on-groups="smoke" finished-at="2024-02-23T18:54:34 IST" duration-ms="5871" status="PASS">
          <reporter-output>
          </reporter-output>
        </test-method> <!-- add_Multiple_Orders -->
        <test-method is-config="true" signature="tearDown()[pri:0, instance:vendor_panel.scripts.addOrderTest@5c30a9b0]" started-at="2024-02-23T18:54:34 IST" name="tearDown" finished-at="2024-02-23T18:54:34 IST" duration-ms="208" status="PASS">
          <reporter-output>
          </reporter-output>
        </test-method> <!-- tearDown -->
        <test-method is-config="true" signature="preCondition()[pri:0, instance:vendor_panel.scripts.addOrderTest@5c30a9b0]" started-at="2024-02-23T18:54:34 IST" name="preCondition" finished-at="2024-02-23T18:54:38 IST" duration-ms="4094" status="PASS">
          <reporter-output>
          </reporter-output>
        </test-method> <!-- preCondition -->
        <test-method signature="add_and_remove_Orders()[pri:7, instance:vendor_panel.scripts.addOrderTest@5c30a9b0]" started-at="2024-02-23T18:54:38 IST" name="add_and_remove_Orders" depends-on-groups="smoke" finished-at="2024-02-23T18:54:46 IST" duration-ms="8034" status="PASS">
          <reporter-output>
          </reporter-output>
        </test-method> <!-- add_and_remove_Orders -->
        <test-method is-config="true" signature="tearDown()[pri:0, instance:vendor_panel.scripts.addOrderTest@5c30a9b0]" started-at="2024-02-23T18:54:46 IST" name="tearDown" finished-at="2024-02-23T18:54:47 IST" duration-ms="247" status="PASS">
          <reporter-output>
          </reporter-output>
        </test-method> <!-- tearDown -->
      </class> <!-- vendor_panel.scripts.addOrderTest -->
    </test> <!-- VendorTest -->
  </suite> <!-- Suite -->
</testng-results>
